2018-06-21 11:23:39,473 INFO  [D:/Github/PythonStudying/payrollsend2.py:387][MainThread] start 工资邮件发送
2018-06-21 11:55:39,941 INFO  [D:/Github/PythonStudying/payrollsend2.py:386][MainThread] start 工资邮件发送
2018-06-21 11:55:39,941 INFO  [root:399][MainThread] 没有Excel文件!
2018-06-21 11:58:45,326 INFO  [D:/Github/PythonStudying/payrollsend2.py:386][MainThread] start 工资邮件发送
2018-06-21 11:58:45,326 INFO  [root:399][MainThread] 没有Excel文件!
2018-06-21 12:05:28,064 INFO  [D:/Github/PythonStudying/payrollsend2.py:386][MainThread] start 工资邮件发送
2018-06-21 12:05:28,064 INFO  [root:401][MainThread] gzmx.xlsx
2018-06-21 12:06:22,574 INFO  [D:/Github/PythonStudying/payrollsend2.py:386][MainThread] start 工资邮件发送
2018-06-21 12:06:22,590 INFO  [root:401][MainThread] gzmx.xlsx
2018-06-21 12:06:22,590 INFO  [D:/Github/PythonStudying/payrollsend2.py:175][MainThread] 读取数据  D:\Github\PythonStudying\src\gzmx.xlsx
2018-06-21 12:06:22,605 INFO  [root:316][MainThread] 邮件发送......
2018-06-21 12:06:22,605 INFO  [root:374][MainThread] 记录发送结果...
2018-06-21 12:06:22,637 INFO  [D:/Github/PythonStudying/payrollsend2.py:413][MainThread] ... end 工资邮件发送
2018-06-21 13:37:33,181 INFO  [D:/Github/PythonStudying/payrollsend2.py:386][MainThread] start 工资邮件发送
2018-06-21 13:37:33,181 INFO  [root:399][MainThread] 没有Excel文件!
2018-06-21 13:42:06,788 INFO  [D:/Github/PythonStudying/payrollsend2.py:386][MainThread] start 工资邮件发送
2018-06-21 13:42:06,788 INFO  [root:401][MainThread] 工资.xlsx
2018-06-21 13:42:06,803 INFO  [D:/Github/PythonStudying/payrollsend2.py:175][MainThread] 读取数据  D:\Github\PythonStudying\src\工资.xlsx
2018-06-21 13:42:06,803 INFO  [root:316][MainThread] 邮件发送......
2018-06-21 13:42:06,803 INFO  [root:374][MainThread] 记录发送结果...
2018-06-21 13:42:06,835 INFO  [D:/Github/PythonStudying/payrollsend2.py:413][MainThread] ... end 工资邮件发送
2018-06-21 13:44:15,509 INFO  [D:/Github/PythonStudying/payrollsend2.py:386][MainThread] start 工资邮件发送
2018-06-21 13:44:15,509 INFO  [root:399][MainThread] 没有Excel文件!
2018-06-21 13:44:45,655 INFO  [D:/Github/PythonStudying/payrollsend2.py:386][MainThread] start 工资邮件发送
2018-06-21 13:44:45,655 INFO  [root:401][MainThread] 工资.xlsx
2018-06-21 13:44:45,659 INFO  [D:/Github/PythonStudying/payrollsend2.py:175][MainThread] 读取数据  D:\Github\PythonStudying\src\工资.xlsx
2018-06-21 13:44:45,659 INFO  [root:316][MainThread] 邮件发送......
2018-06-21 13:44:45,659 INFO  [root:374][MainThread] 记录发送结果...
2018-06-21 13:44:45,675 INFO  [D:/Github/PythonStudying/payrollsend2.py:413][MainThread] ... end 工资邮件发送
2018-06-21 13:47:24,736 INFO  [D:/Github/PythonStudying/payrollsend2.py:386][MainThread] start 工资邮件发送
2018-06-21 13:47:24,736 INFO  [root:401][MainThread] 工资.xlsx
2018-06-21 13:47:24,751 INFO  [D:/Github/PythonStudying/payrollsend2.py:175][MainThread] 读取数据  D:\Github\PythonStudying\src\工资.xlsx
2018-06-21 13:47:24,751 INFO  [root:316][MainThread] 邮件发送......
2018-06-21 13:47:24,751 INFO  [root:374][MainThread] 记录发送结果...
2018-06-21 13:47:24,767 INFO  [D:/Github/PythonStudying/payrollsend2.py:413][MainThread] ... end 工资邮件发送
2018-06-21 13:50:22,463 INFO  [D:/Github/PythonStudying/payrollsend2.py:386][MainThread] start 工资邮件发送
2018-06-21 13:50:22,463 INFO  [root:399][MainThread] 没有Excel文件!
2018-06-21 13:51:08,191 INFO  [D:/Github/PythonStudying/payrollsend2.py:386][MainThread] start 工资邮件发送
2018-06-21 13:51:08,191 INFO  [root:401][MainThread] 工资.xlsx
2018-06-21 13:51:08,207 INFO  [D:/Github/PythonStudying/payrollsend2.py:175][MainThread] 读取数据  D:\Github\PythonStudying\src\工资.xlsx
2018-06-21 13:51:08,207 INFO  [root:316][MainThread] 邮件发送......
2018-06-21 13:51:08,207 INFO  [root:374][MainThread] 记录发送结果...
2018-06-21 13:51:08,222 INFO  [D:/Github/PythonStudying/payrollsend2.py:413][MainThread] ... end 工资邮件发送
2018-06-21 13:55:37,643 INFO  [D:/Github/PythonStudying/payrollsend2.py:386][MainThread] start 工资邮件发送
2018-06-21 13:55:37,643 INFO  [root:401][MainThread] 20180621134206工资.xlsx
2018-06-21 13:55:37,643 INFO  [D:/Github/PythonStudying/payrollsend2.py:175][MainThread] 读取数据  D:\Github\PythonStudying\src\20180621134206工资.xlsx
2018-06-21 13:55:37,643 INFO  [root:316][MainThread] 邮件发送......
2018-06-21 13:55:37,643 INFO  [root:374][MainThread] 记录发送结果...
2018-06-21 13:55:37,675 INFO  [D:/Github/PythonStudying/payrollsend2.py:413][MainThread] ... end 工资邮件发送
2018-06-21 13:57:13,597 INFO  [D:/Github/PythonStudying/payrollsend2.py:386][MainThread] start 工资邮件发送
2018-06-21 13:57:13,597 INFO  [root:401][MainThread] 工资.xlsx
2018-06-21 13:57:13,612 INFO  [D:/Github/PythonStudying/payrollsend2.py:175][MainThread] 读取数据  D:\Github\PythonStudying\src\工资.xlsx
2018-06-21 13:57:13,612 INFO  [root:316][MainThread] 邮件发送......
2018-06-21 13:57:13,612 INFO  [root:374][MainThread] 记录发送结果...
2018-06-21 13:57:13,628 INFO  [D:/Github/PythonStudying/payrollsend2.py:413][MainThread] ... end 工资邮件发送
2018-06-21 14:12:17,721 INFO  [D:/Github/PythonStudying/payrollsend2.py:386][MainThread] start 工资邮件发送
2018-06-21 14:12:17,721 INFO  [root:399][MainThread] 没有Excel文件!
2018-06-21 14:12:41,482 INFO  [D:/Github/PythonStudying/payrollsend2.py:386][MainThread] start 工资邮件发送
2018-06-21 14:12:41,482 INFO  [root:401][MainThread] 工资.xlsx
2018-06-21 14:12:41,482 INFO  [D:/Github/PythonStudying/payrollsend2.py:175][MainThread] 读取数据  D:\Github\PythonStudying\src\工资.xlsx
2018-06-21 14:12:41,497 INFO  [root:316][MainThread] 邮件发送......
2018-06-21 14:12:41,497 INFO  [root:374][MainThread] 记录发送结果...
2018-06-21 14:12:41,513 INFO  [D:/Github/PythonStudying/payrollsend2.py:413][MainThread] ... end 工资邮件发送
2018-06-21 14:45:13,653 INFO  [D:/Github/PythonStudying/payrollsend2.py:386][MainThread] start 工资邮件发送
2018-06-21 14:45:13,653 INFO  [root:401][MainThread] 工资.xlsx
2018-06-21 14:45:13,653 INFO  [D:/Github/PythonStudying/payrollsend2.py:175][MainThread] 读取数据  D:\Github\PythonStudying\src\工资.xlsx
2018-06-21 14:45:13,669 INFO  [root:316][MainThread] 邮件发送......
2018-06-21 14:45:13,669 INFO  [root:374][MainThread] 记录发送结果...
2018-06-21 14:45:13,684 INFO  [D:/Github/PythonStudying/payrollsend2.py:413][MainThread] ... end 工资邮件发送
2018-06-21 16:11:19,227 INFO  [D:/Github/PythonStudying/payrollsend2.py:386][MainThread] start 工资邮件发送
2018-06-21 16:11:19,227 INFO  [root:401][MainThread] 工资.xlsx
2018-06-21 16:11:19,243 INFO  [D:/Github/PythonStudying/payrollsend2.py:175][MainThread] 读取数据  D:\Github\PythonStudying\src\工资.xlsx
2018-06-21 16:11:19,243 INFO  [root:316][MainThread] 邮件发送......
2018-06-21 16:11:19,243 INFO  [root:374][MainThread] 记录发送结果...
2018-06-21 16:11:19,274 INFO  [D:/Github/PythonStudying/payrollsend2.py:413][MainThread] ... end 工资邮件发送
2018-06-21 16:24:39,117 INFO  [D:/Github/PythonStudying/payrollsend2.py:386][MainThread] start 工资邮件发送
2018-06-21 16:24:39,117 INFO  [root:399][MainThread] 没有Excel文件!
2018-06-21 16:25:39,488 INFO  [D:/Github/PythonStudying/payrollsend2.py:386][MainThread] start 工资邮件发送
2018-06-21 16:25:39,488 INFO  [root:401][MainThread] 工资.xlsx
2018-06-21 16:25:39,488 INFO  [D:/Github/PythonStudying/payrollsend2.py:175][MainThread] 读取数据  D:\Github\PythonStudying\src\工资.xlsx
2018-06-21 16:25:39,488 INFO  [root:316][MainThread] 邮件发送......
2018-06-21 16:25:39,488 INFO  [root:374][MainThread] 记录发送结果...
2018-06-21 16:25:39,519 INFO  [D:/Github/PythonStudying/payrollsend2.py:413][MainThread] ... end 工资邮件发送
2018-06-21 16:27:58,845 INFO  [D:/Github/PythonStudying/payrollsend2.py:386][MainThread] start 工资邮件发送
2018-06-21 16:27:58,845 INFO  [root:401][MainThread] 工资.xlsx
2018-06-21 16:27:58,849 INFO  [D:/Github/PythonStudying/payrollsend2.py:175][MainThread] 读取数据  D:\Github\PythonStudying\src\工资.xlsx
2018-06-21 16:27:58,857 INFO  [root:316][MainThread] 邮件发送......
2018-06-21 16:27:58,857 INFO  [root:374][MainThread] 记录发送结果...
2018-06-21 16:27:58,875 INFO  [D:/Github/PythonStudying/payrollsend2.py:413][MainThread] ... end 工资邮件发送
2018-06-21 16:29:27,108 INFO  [D:/Github/PythonStudying/payrollsend2.py:386][MainThread] start 工资邮件发送
2018-06-21 16:29:27,108 INFO  [root:401][MainThread] 工资.xlsx
2018-06-21 16:29:27,114 INFO  [D:/Github/PythonStudying/payrollsend2.py:175][MainThread] 读取数据  D:\Github\PythonStudying\src\工资.xlsx
2018-06-21 16:29:27,122 INFO  [root:316][MainThread] 邮件发送......
2018-06-21 16:29:27,122 INFO  [root:374][MainThread] 记录发送结果...
2018-06-21 16:29:27,139 INFO  [D:/Github/PythonStudying/payrollsend2.py:413][MainThread] ... end 工资邮件发送
2018-06-21 17:36:52,573 INFO  [D:/Github/PythonStudying/payrollsend2.py:386][MainThread] start 工资邮件发送
2018-06-21 17:36:52,573 INFO  [root:401][MainThread] 工资.xlsx
2018-06-21 17:36:52,588 INFO  [D:/Github/PythonStudying/payrollsend2.py:175][MainThread] 读取数据  D:\Github\PythonStudying\src\工资.xlsx
2018-06-21 17:36:52,604 INFO  [root:316][MainThread] 邮件发送......
2018-06-21 17:36:52,604 INFO  [root:374][MainThread] 记录发送结果...
2018-06-21 17:36:52,619 INFO  [D:/Github/PythonStudying/payrollsend2.py:413][MainThread] ... end 工资邮件发送
